
  .   ____          _            __ _ _
 /\\ / ___'_ __ _ _(_)_ __  __ _ \ \ \ \
( ( )\___ | '_ | '_| | '_ \/ _` | \ \ \ \
 \\/  ___)| |_)| | | | | || (_| |  ) ) ) )
  '  |____| .__|_| |_|_| |_\__, | / / / /
 =========|_|==============|___/=/_/_/_/
 :: Spring Boot ::                (v2.5.4)

2021-08-22 12:01:35.064  INFO 10540 --- [           main] c.s.J.JenkinsSampleApplication           : Starting JenkinsSampleApplication v0.0.1-SNAPSHOT using Java 1.8.0_301 on DESKTOP-9BNAJOD with PID 10540 (C:\Users\bnilles\git\JenkinsSample\JenkinsSample\target\JenkinsSample-0.0.1-SNAPSHOT.jar started by bnilles in C:\Users\bnilles\git\JenkinsSample\JenkinsSample)
2021-08-22 12:01:35.067  INFO 10540 --- [           main] c.s.J.JenkinsSampleApplication           : No active profile set, falling back to default profiles: default
2021-08-22 12:01:36.133  INFO 10540 --- [           main] o.s.b.w.embedded.tomcat.TomcatWebServer  : Tomcat initialized with port(s): 8080 (http)
2021-08-22 12:01:36.143  INFO 10540 --- [           main] o.apache.catalina.core.StandardService   : Starting service [Tomcat]
2021-08-22 12:01:36.143  INFO 10540 --- [           main] org.apache.catalina.core.StandardEngine  : Starting Servlet engine: [Apache Tomcat/9.0.52]
2021-08-22 12:01:36.198  INFO 10540 --- [           main] o.a.c.c.C.[Tomcat].[localhost].[/]       : Initializing Spring embedded WebApplicationContext
2021-08-22 12:01:36.198  INFO 10540 --- [           main] w.s.c.ServletWebServerApplicationContext : Root WebApplicationContext: initialization completed in 1084 ms
2021-08-22 12:01:36.491  WARN 10540 --- [           main] ConfigServletWebServerApplicationContext : Exception encountered during context initialization - cancelling refresh attempt: org.springframework.context.ApplicationContextException: Failed to start bean 'webServerStartStop'; nested exception is org.springframework.boot.web.server.PortInUseException: Port 8080 is already in use
2021-08-22 12:01:36.494  INFO 10540 --- [           main] o.apache.catalina.core.StandardService   : Stopping service [Tomcat]
2021-08-22 12:01:36.502  INFO 10540 --- [           main] ConditionEvaluationReportLoggingListener : 

Error starting ApplicationContext. To display the conditions report re-run your application with 'debug' enabled.
2021-08-22 12:01:36.515 ERROR 10540 --- [           main] o.s.b.d.LoggingFailureAnalysisReporter   : 

***************************
APPLICATION FAILED TO START
***************************

Description:

Web server failed to start. Port 8080 was already in use.

Action:

Identify and stop the process that's listening on port 8080 or configure this application to listen on another port.

